<?xml version="1.0" encoding="UTF-8"?>
<!-- Generated by org.testng.reporters.JUnitReportReporter -->
<testsuite skipped="0" hostname="Amar" name="com.Vtiger.CreateOrg" tests="1" failures="0" timestamp="16 Aug 2021 06:38:38 GMT" time="35.576" errors="0">
  <testcase name="something" time="35.576" classname="com.Vtiger.CreateOrg"/>
</testsuite> <!-- com.Vtiger.CreateOrg -->
