<?xml version="1.0" encoding="UTF-8"?>
<!-- Generated by org.testng.reporters.JUnitReportReporter -->
<testsuite skipped="0" hostname="Amar" name="com.Vtiger.CreateContact_Org" tests="1" failures="0" timestamp="16 Aug 2021 06:08:55 GMT" time="46.532" errors="0">
  <testcase name="createContact" time="46.532" classname="com.Vtiger.CreateContact_Org"/>
</testsuite> <!-- com.Vtiger.CreateContact_Org -->
