<?xml version="1.0" encoding="UTF-8"?>
<!-- Generated by org.testng.reporters.JUnitReportReporter -->
<testsuite skipped="0" hostname="Amar" name="com.Vtiger.CreateContactTest" tests="1" failures="0" timestamp="18 Aug 2021 10:09:50 GMT" time="30.080" errors="0">
  <testcase name="createContact" time="30.080" classname="com.Vtiger.CreateContactTest"/>
</testsuite> <!-- com.Vtiger.CreateContactTest -->
