<?xml version="1.0" encoding="UTF-8"?>
<!-- Generated by org.testng.reporters.JUnitReportReporter -->
<testsuite skipped="0" hostname="Amar" name="com.Vtiger.CreateOrgTest" tests="2" failures="0" timestamp="2021-08-23T15:59:31 IST" time="52.097" errors="0">
  <testcase name="createOrg_withDD" time="25.399" classname="com.Vtiger.CreateOrgTest"/>
  <system-out/>
  <testcase name="createContact" time="26.698" classname="com.Vtiger.CreateOrgTest"/>
  <system-out/>
</testsuite> <!-- com.Vtiger.CreateOrgTest -->
