<?xml version="1.0" encoding="UTF-8"?>
<!-- Generated by org.testng.reporters.JUnitReportReporter -->
<testsuite skipped="1" hostname="Amar" name="com.Vtiger.CreateOrgTest" tests="2" failures="0" timestamp="19 Aug 2021 06:10:50 GMT" time="39.258" errors="0">
  <testcase name="createOrg_withDD" time="39.258" classname="com.Vtiger.CreateOrgTest"/>
  <testcase name="createOrg" classname="com.Vtiger.CreateOrgTest">
    <skipped/>
  </testcase> <!-- createOrg -->
</testsuite> <!-- com.Vtiger.CreateOrgTest -->
