<?xml version="1.0" encoding="UTF-8"?>
<!-- Generated by org.testng.reporters.JUnitReportReporter -->
<testsuite skipped="0" hostname="Amar" name="com.Vtiger.CreateContactTest" tests="1" failures="0" timestamp="22 Aug 2021 16:57:49 GMT" time="30.791" errors="0">
  <testcase name="createContact" time="30.791" classname="com.Vtiger.CreateContactTest"/>
</testsuite> <!-- com.Vtiger.CreateContactTest -->
