<?xml version="1.0" encoding="UTF-8"?>
<!-- Generated by org.testng.reporters.JUnitReportReporter -->
<testsuite skipped="0" hostname="Amar" name="com.Vtiger.CreateOrg" tests="1" failures="0" timestamp="10 Aug 2021 12:08:05 GMT" time="5.611" errors="0">
  <testcase name="something" time="5.611" classname="com.Vtiger.CreateOrg"/>
</testsuite> <!-- com.Vtiger.CreateOrg -->
